2014-11-15T10:38:16.632+0100 [initandlisten] MongoDB starting : pid=5988 port=27017 dbpath=c:\Users\Zoe\git\CommenTerra\database\data\db 64-bit host=Wispel
2014-11-15T10:38:16.632+0100 [initandlisten] targetMinOS: Windows 7/Windows Server 2008 R2
2014-11-15T10:38:16.632+0100 [initandlisten] db version v2.6.5
2014-11-15T10:38:16.632+0100 [initandlisten] git version: e99d4fcb4279c0279796f237aa92fe3b64560bf6
2014-11-15T10:38:16.632+0100 [initandlisten] build info: windows sys.getwindowsversion(major=6, minor=1, build=7601, platform=2, service_pack='Service Pack 1') BOOST_LIB_VERSION=1_49
2014-11-15T10:38:16.632+0100 [initandlisten] allocator: system
2014-11-15T10:38:16.632+0100 [initandlisten] options: { config: "..\mongod.cfg", net: { bindIp: "127.0.0.1", port: 27017 }, storage: { dbPath: "c:\Users\Zoe\git\CommenTerra\database\data\db" }, systemLog: { destination: "file", logAppend: true, path: "c:\Users\Zoe\git\CommenTerra\database\data\log\mongodb.log" } }
2014-11-15T10:38:16.679+0100 [initandlisten] journal dir=c:\Users\Zoe\git\CommenTerra\database\data\db\journal
2014-11-15T10:38:16.679+0100 [initandlisten] recover : no journal files present, no recovery needed
2014-11-15T10:38:17.091+0100 [initandlisten] preallocateIsFaster=true 4.1
2014-11-15T10:38:17.325+0100 [initandlisten] allocating new ns file c:\Users\Zoe\git\CommenTerra\database\data\db\local.ns, filling with zeroes...
2014-11-15T10:38:17.723+0100 [FileAllocator] allocating new datafile c:\Users\Zoe\git\CommenTerra\database\data\db\local.0, filling with zeroes...
2014-11-15T10:38:17.723+0100 [FileAllocator] creating directory c:\Users\Zoe\git\CommenTerra\database\data\db\_tmp
2014-11-15T10:38:17.754+0100 [FileAllocator] done allocating datafile c:\Users\Zoe\git\CommenTerra\database\data\db\local.0, size: 64MB,  took 0.008 secs
2014-11-15T10:38:17.754+0100 [initandlisten] build index on: local.startup_log properties: { v: 1, key: { _id: 1 }, name: "_id_", ns: "local.startup_log" }
2014-11-15T10:38:17.754+0100 [initandlisten] 	 added index to empty collection
2014-11-15T10:38:17.754+0100 [initandlisten] command local.$cmd command: create { create: "startup_log", size: 10485760, capped: true } ntoreturn:1 keyUpdates:0 numYields:0  reslen:37 419ms
2014-11-15T10:38:17.754+0100 [initandlisten] waiting for connections on port 27017
2014-11-15T10:38:34.481+0100 [initandlisten] connection accepted from 127.0.0.1:50311 #1 (1 connection now open)
2014-11-15T10:39:17.450+0100 [clientcursormon] mem (MB) res:37 virt:299
2014-11-15T10:39:17.450+0100 [clientcursormon]  mapped (incl journal view):160
2014-11-15T10:39:17.450+0100 [clientcursormon]  connections:1
2014-11-15T10:39:36.117+0100 [conn1] allocating new ns file c:\Users\Zoe\git\CommenTerra\database\data\db\CommenTerraDB.ns, filling with zeroes...
2014-11-15T10:39:36.383+0100 [FileAllocator] allocating new datafile c:\Users\Zoe\git\CommenTerra\database\data\db\CommenTerraDB.0, filling with zeroes...
2014-11-15T10:39:36.414+0100 [FileAllocator] done allocating datafile c:\Users\Zoe\git\CommenTerra\database\data\db\CommenTerraDB.0, size: 64MB,  took 0.007 secs
2014-11-15T10:39:36.414+0100 [conn1] build index on: CommenTerraDB.testCollection properties: { v: 1, key: { _id: 1 }, name: "_id_", ns: "CommenTerraDB.testCollection" }
2014-11-15T10:39:36.414+0100 [conn1] 	 added index to empty collection
2014-11-15T10:39:36.414+0100 [conn1] insert CommenTerraDB.testCollection query: { _id: ObjectId('54671f5819f7a3e81e6b176b'), alter: 12.0 } ninserted:1 keyUpdates:0 numYields:0 locks(micros) w:308757 308ms
2014-11-15T10:39:36.414+0100 [conn1] command CommenTerraDB.$cmd command: insert { insert: "testCollection", documents: [ { _id: ObjectId('54671f5819f7a3e81e6b176b'), alter: 12.0 } ], ordered: true } keyUpdates:0 numYields:0 locks(micros) w:147 reslen:40 309ms
2014-11-15T10:40:17.542+0100 [clientcursormon] mem (MB) res:37 virt:457
2014-11-15T10:40:17.542+0100 [clientcursormon]  mapped (incl journal view):320
2014-11-15T10:40:17.542+0100 [clientcursormon]  connections:1
2014-11-15T10:42:34.906+0100 [conn1] end connection 127.0.0.1:50311 (0 connections now open)
2014-11-15T10:42:38.014+0100 Ctrl-C signal
2014-11-15T10:42:38.014+0100 [consoleTerminate] got CTRL_C_EVENT, will terminate after current cmd ends
2014-11-15T10:42:38.014+0100 [consoleTerminate] now exiting
2014-11-15T10:42:38.014+0100 [consoleTerminate] dbexit: 
2014-11-15T10:42:38.014+0100 [consoleTerminate] shutdown: going to close listening sockets...
2014-11-15T10:42:38.014+0100 [consoleTerminate] closing listening socket: 496
2014-11-15T10:42:38.014+0100 [consoleTerminate] shutdown: going to flush diaglog...
2014-11-15T10:42:38.015+0100 [consoleTerminate] shutdown: going to close sockets...
2014-11-15T10:42:38.015+0100 [consoleTerminate] shutdown: waiting for fs preallocator...
2014-11-15T10:42:38.015+0100 [consoleTerminate] shutdown: lock for final commit...
2014-11-15T10:42:38.015+0100 [consoleTerminate] shutdown: final commit...
2014-11-15T10:42:38.019+0100 [consoleTerminate] shutdown: closing all files...
2014-11-15T10:42:38.021+0100 [consoleTerminate] closeAllFiles() finished
2014-11-15T10:42:38.021+0100 [consoleTerminate] journalCleanup...
2014-11-15T10:42:38.078+0100 [consoleTerminate] removeJournalFiles
2014-11-15T10:42:38.081+0100 [consoleTerminate] shutdown: removing fs lock...
2014-11-15T10:42:38.081+0100 [consoleTerminate] dbexit: really exiting now
